[ 2017-04-25T15:24:54+08:00 ] ::1 /blog/index.php/
INFO: [ app_init ] --START--
INFO: Run Behavior\BuildLiteBehavior [ RunTime:0.000046s ]
INFO: [ app_init ] --END-- [ RunTime:0.001862s ]
INFO: [ app_begin ] --START--
INFO: Run Behavior\ReadHtmlCacheBehavior [ RunTime:0.002025s ]
INFO: [ app_begin ] --END-- [ RunTime:0.002220s ]
SQL: SHOW COLUMNS FROM `blog_article` [ RunTime:0.0235s ]
SQL: SELECT * FROM `blog_article` ORDER BY add_time desc LIMIT 6   [ RunTime:0.0123s ]
SQL: SHOW COLUMNS FROM `blog_user` [ RunTime:0.0308s ]
INFO: [ view_parse ] --START--
INFO: [ template_filter ] --START--
INFO: Run Behavior\ContentReplaceBehavior [ RunTime:0.000923s ]
INFO: [ template_filter ] --END-- [ RunTime:0.001101s ]
NOTIC: [8] Use of undefined constant id - assumed 'id' D:\wamp\www\blog\Application\Runtime\Cache\Home\2a94b8bda04ff446dcedd42276fc99ee.php 第 120 行.
NOTIC: [8] Use of undefined constant id - assumed 'id' D:\wamp\www\blog\Application\Runtime\Cache\Home\2a94b8bda04ff446dcedd42276fc99ee.php 第 120 行.
NOTIC: [8] Use of undefined constant id - assumed 'id' D:\wamp\www\blog\Application\Runtime\Cache\Home\2a94b8bda04ff446dcedd42276fc99ee.php 第 120 行.
NOTIC: [8] Use of undefined constant id - assumed 'id' D:\wamp\www\blog\Application\Runtime\Cache\Home\2a94b8bda04ff446dcedd42276fc99ee.php 第 120 行.
NOTIC: [8] Use of undefined constant id - assumed 'id' D:\wamp\www\blog\Application\Runtime\Cache\Home\2a94b8bda04ff446dcedd42276fc99ee.php 第 120 行.
NOTIC: [8] Use of undefined constant id - assumed 'id' D:\wamp\www\blog\Application\Runtime\Cache\Home\2a94b8bda04ff446dcedd42276fc99ee.php 第 120 行.
NOTIC: [8] Use of undefined constant id - assumed 'id' D:\wamp\www\blog\Application\Runtime\Cache\Home\2a94b8bda04ff446dcedd42276fc99ee.php 第 188 行.
NOTIC: [8] Use of undefined constant id - assumed 'id' D:\wamp\www\blog\Application\Runtime\Cache\Home\2a94b8bda04ff446dcedd42276fc99ee.php 第 188 行.
NOTIC: [8] Use of undefined constant id - assumed 'id' D:\wamp\www\blog\Application\Runtime\Cache\Home\2a94b8bda04ff446dcedd42276fc99ee.php 第 188 行.
NOTIC: [8] Use of undefined constant id - assumed 'id' D:\wamp\www\blog\Application\Runtime\Cache\Home\2a94b8bda04ff446dcedd42276fc99ee.php 第 188 行.
NOTIC: [8] Use of undefined constant id - assumed 'id' D:\wamp\www\blog\Application\Runtime\Cache\Home\2a94b8bda04ff446dcedd42276fc99ee.php 第 188 行.
NOTIC: [8] Use of undefined constant id - assumed 'id' D:\wamp\www\blog\Application\Runtime\Cache\Home\2a94b8bda04ff446dcedd42276fc99ee.php 第 188 行.
INFO: Run Behavior\ParseTemplateBehavior [ RunTime:0.052859s ]
INFO: [ view_parse ] --END-- [ RunTime:0.053009s ]
INFO: [ view_filter ] --START--
INFO: Run Behavior\WriteHtmlCacheBehavior [ RunTime:0.001617s ]
INFO: [ view_filter ] --END-- [ RunTime:0.001758s ]
INFO: [ app_end ] --START--
INFO: Run Behavior\ShowPageTraceBehavior [ RunTime:0.001995s ]
INFO: [ app_end ] --END-- [ RunTime:0.002139s ]

[ 2017-04-25T15:24:55+08:00 ] ::1 /blog/index.php/Home/Index/verify.html
INFO: [ app_init ] --START--
INFO: Run Behavior\BuildLiteBehavior [ RunTime:0.000019s ]
INFO: [ app_init ] --END-- [ RunTime:0.000381s ]
INFO: [ app_begin ] --START--
INFO: Run Behavior\ReadHtmlCacheBehavior [ RunTime:0.000713s ]
INFO: [ app_begin ] --END-- [ RunTime:0.000789s ]
INFO: [ app_end ] --START--
INFO: Run Behavior\ShowPageTraceBehavior [ RunTime:0.000872s ]
INFO: [ app_end ] --END-- [ RunTime:0.000981s ]

[ 2017-04-25T15:25:07+08:00 ] ::1 /blog/index.php/Home/Message/message.html
INFO: [ app_init ] --START--
INFO: Run Behavior\BuildLiteBehavior [ RunTime:0.000028s ]
INFO: [ app_init ] --END-- [ RunTime:0.000708s ]
INFO: [ app_begin ] --START--
INFO: Run Behavior\ReadHtmlCacheBehavior [ RunTime:0.001095s ]
INFO: [ app_begin ] --END-- [ RunTime:0.001211s ]
SQL: SHOW COLUMNS FROM `blog_message` [ RunTime:0.0241s ]
SQL: SELECT * FROM `blog_message` ORDER BY add_time desc  [ RunTime:0.0106s ]
SQL: SELECT `username` FROM `blog_message` WHERE ( id=81 ) LIMIT 1   [ RunTime:0.0230s ]
SQL: SELECT `username` FROM `blog_message` WHERE ( id=78 ) LIMIT 1   [ RunTime:0.0003s ]
SQL: SELECT `username` FROM `blog_message` WHERE ( id=79 ) LIMIT 1   [ RunTime:0.0002s ]
SQL: SELECT `username` FROM `blog_message` WHERE ( id=17 ) LIMIT 1   [ RunTime:0.0002s ]
SQL: SELECT `username` FROM `blog_message` WHERE ( id=17 ) LIMIT 1   [ RunTime:0.0002s ]
SQL: SELECT `username` FROM `blog_message` WHERE ( id=31 ) LIMIT 1   [ RunTime:0.0002s ]
SQL: SELECT `username` FROM `blog_message` WHERE ( id=17 ) LIMIT 1   [ RunTime:0.0002s ]
SQL: SELECT `username` FROM `blog_message` WHERE ( id=17 ) LIMIT 1   [ RunTime:0.0002s ]
SQL: SELECT `username` FROM `blog_message` WHERE ( id=4 ) LIMIT 1   [ RunTime:0.0002s ]
SQL: SELECT `username` FROM `blog_message` WHERE ( id=2 ) LIMIT 1   [ RunTime:0.0002s ]
SQL: SELECT `username` FROM `blog_message` WHERE ( id=49 ) LIMIT 1   [ RunTime:0.0002s ]
SQL: SELECT `username` FROM `blog_message` WHERE ( id=2 ) LIMIT 1   [ RunTime:0.0002s ]
SQL: SELECT `username` FROM `blog_message` WHERE ( id=50 ) LIMIT 1   [ RunTime:0.0002s ]
SQL: SELECT `username` FROM `blog_message` WHERE ( id=54 ) LIMIT 1   [ RunTime:0.0003s ]
SQL: SELECT `username` FROM `blog_message` WHERE ( id=50 ) LIMIT 1   [ RunTime:0.0002s ]
SQL: SELECT `username` FROM `blog_message` WHERE ( id=50 ) LIMIT 1   [ RunTime:0.0002s ]
SQL: SELECT `username` FROM `blog_message` WHERE ( id=1 ) LIMIT 1   [ RunTime:0.0002s ]
SQL: SELECT `username` FROM `blog_message` WHERE ( id=35 ) LIMIT 1   [ RunTime:0.0002s ]
SQL: SELECT `username` FROM `blog_message` WHERE ( id=1 ) LIMIT 1   [ RunTime:0.0002s ]
SQL: SELECT `username` FROM `blog_message` WHERE ( id=36 ) LIMIT 1   [ RunTime:0.0002s ]
SQL: SELECT `username` FROM `blog_message` WHERE ( id=62 ) LIMIT 1   [ RunTime:0.0002s ]
SQL: SELECT `username` FROM `blog_message` WHERE ( id=1 ) LIMIT 1   [ RunTime:0.0002s ]
SQL: SELECT `username` FROM `blog_message` WHERE ( id=1 ) LIMIT 1   [ RunTime:0.0002s ]
SQL: SELECT `username` FROM `blog_message` WHERE ( id=33 ) LIMIT 1   [ RunTime:0.0002s ]
SQL: SELECT `username` FROM `blog_message` WHERE ( id=33 ) LIMIT 1   [ RunTime:0.0003s ]
SQL: SELECT `username` FROM `blog_message` WHERE ( id=1 ) LIMIT 1   [ RunTime:0.0002s ]
SQL: SELECT `username` FROM `blog_message` WHERE ( id=34 ) LIMIT 1   [ RunTime:0.0002s ]
SQL: SELECT `username` FROM `blog_message` WHERE ( id=34 ) LIMIT 1   [ RunTime:0.0002s ]
INFO: [ view_parse ] --START--
INFO: [ template_filter ] --START--
INFO: Run Behavior\ContentReplaceBehavior [ RunTime:0.000170s ]
INFO: [ template_filter ] --END-- [ RunTime:0.000269s ]
INFO: Run Behavior\ParseTemplateBehavior [ RunTime:0.021674s ]
INFO: [ view_parse ] --END-- [ RunTime:0.021780s ]
INFO: [ view_filter ] --START--
INFO: Run Behavior\WriteHtmlCacheBehavior [ RunTime:0.000591s ]
INFO: [ view_filter ] --END-- [ RunTime:0.000678s ]
INFO: [ app_end ] --START--
INFO: Run Behavior\ShowPageTraceBehavior [ RunTime:0.000840s ]
INFO: [ app_end ] --END-- [ RunTime:0.000929s ]

[ 2017-04-25T15:28:31+08:00 ] ::1 /blog/index.php/Home/Index/index.html
INFO: [ app_init ] --START--
INFO: Run Behavior\BuildLiteBehavior [ RunTime:0.000015s ]
INFO: [ app_init ] --END-- [ RunTime:0.000373s ]
INFO: [ app_begin ] --START--
INFO: Run Behavior\ReadHtmlCacheBehavior [ RunTime:0.000568s ]
INFO: [ app_begin ] --END-- [ RunTime:0.000629s ]
SQL: SHOW COLUMNS FROM `blog_article` [ RunTime:0.0038s ]
SQL: SELECT * FROM `blog_article` ORDER BY add_time desc LIMIT 6   [ RunTime:0.0012s ]
SQL: SHOW COLUMNS FROM `blog_user` [ RunTime:0.0040s ]
INFO: [ view_parse ] --START--
INFO: [ template_filter ] --START--
INFO: Run Behavior\ContentReplaceBehavior [ RunTime:0.000116s ]
INFO: [ template_filter ] --END-- [ RunTime:0.000181s ]
NOTIC: [8] Use of undefined constant id - assumed 'id' D:\wamp\www\blog\Application\Runtime\Cache\Home\2a94b8bda04ff446dcedd42276fc99ee.php 第 120 行.
NOTIC: [8] Use of undefined constant id - assumed 'id' D:\wamp\www\blog\Application\Runtime\Cache\Home\2a94b8bda04ff446dcedd42276fc99ee.php 第 120 行.
NOTIC: [8] Use of undefined constant id - assumed 'id' D:\wamp\www\blog\Application\Runtime\Cache\Home\2a94b8bda04ff446dcedd42276fc99ee.php 第 120 行.
NOTIC: [8] Use of undefined constant id - assumed 'id' D:\wamp\www\blog\Application\Runtime\Cache\Home\2a94b8bda04ff446dcedd42276fc99ee.php 第 120 行.
NOTIC: [8] Use of undefined constant id - assumed 'id' D:\wamp\www\blog\Application\Runtime\Cache\Home\2a94b8bda04ff446dcedd42276fc99ee.php 第 120 行.
NOTIC: [8] Use of undefined constant id - assumed 'id' D:\wamp\www\blog\Application\Runtime\Cache\Home\2a94b8bda04ff446dcedd42276fc99ee.php 第 120 行.
NOTIC: [8] Use of undefined constant id - assumed 'id' D:\wamp\www\blog\Application\Runtime\Cache\Home\2a94b8bda04ff446dcedd42276fc99ee.php 第 188 行.
NOTIC: [8] Use of undefined constant id - assumed 'id' D:\wamp\www\blog\Application\Runtime\Cache\Home\2a94b8bda04ff446dcedd42276fc99ee.php 第 188 行.
NOTIC: [8] Use of undefined constant id - assumed 'id' D:\wamp\www\blog\Application\Runtime\Cache\Home\2a94b8bda04ff446dcedd42276fc99ee.php 第 188 行.
NOTIC: [8] Use of undefined constant id - assumed 'id' D:\wamp\www\blog\Application\Runtime\Cache\Home\2a94b8bda04ff446dcedd42276fc99ee.php 第 188 行.
NOTIC: [8] Use of undefined constant id - assumed 'id' D:\wamp\www\blog\Application\Runtime\Cache\Home\2a94b8bda04ff446dcedd42276fc99ee.php 第 188 行.
NOTIC: [8] Use of undefined constant id - assumed 'id' D:\wamp\www\blog\Application\Runtime\Cache\Home\2a94b8bda04ff446dcedd42276fc99ee.php 第 188 行.
INFO: Run Behavior\ParseTemplateBehavior [ RunTime:0.012694s ]
INFO: [ view_parse ] --END-- [ RunTime:0.012756s ]
INFO: [ view_filter ] --START--
INFO: Run Behavior\WriteHtmlCacheBehavior [ RunTime:0.000518s ]
INFO: [ view_filter ] --END-- [ RunTime:0.000570s ]
INFO: [ app_end ] --START--
INFO: Run Behavior\ShowPageTraceBehavior [ RunTime:0.000578s ]
INFO: [ app_end ] --END-- [ RunTime:0.000630s ]

[ 2017-04-25T15:28:31+08:00 ] ::1 /blog/index.php/Home/Index/js/silder_2.js
INFO: [ app_init ] --START--
INFO: Run Behavior\BuildLiteBehavior [ RunTime:0.000019s ]
INFO: [ app_init ] --END-- [ RunTime:0.000349s ]
INFO: [ app_begin ] --START--
INFO: Run Behavior\ReadHtmlCacheBehavior [ RunTime:0.000469s ]
INFO: [ app_begin ] --END-- [ RunTime:0.000538s ]
ERR: 非法操作:js

[ 2017-04-25T15:28:31+08:00 ] ::1 /blog/index.php/Home/Index/verify.html
INFO: [ app_init ] --START--
INFO: Run Behavior\BuildLiteBehavior [ RunTime:0.000018s ]
INFO: [ app_init ] --END-- [ RunTime:0.000460s ]
INFO: [ app_begin ] --START--
INFO: Run Behavior\ReadHtmlCacheBehavior [ RunTime:0.000700s ]
INFO: [ app_begin ] --END-- [ RunTime:0.000778s ]
INFO: [ app_end ] --START--
INFO: Run Behavior\ShowPageTraceBehavior [ RunTime:0.000901s ]
INFO: [ app_end ] --END-- [ RunTime:0.000991s ]

[ 2017-04-25T15:28:40+08:00 ] ::1 /blog/index.php/Home/Index/js/silder_2.js
INFO: [ app_init ] --START--
INFO: Run Behavior\BuildLiteBehavior [ RunTime:0.000018s ]
INFO: [ app_init ] --END-- [ RunTime:0.000362s ]
INFO: [ app_begin ] --START--
INFO: Run Behavior\ReadHtmlCacheBehavior [ RunTime:0.000448s ]
INFO: [ app_begin ] --END-- [ RunTime:0.000520s ]
ERR: 非法操作:js

[ 2017-04-25T15:28:40+08:00 ] ::1 /blog/index.php/Home/Index/verify.html
INFO: [ app_init ] --START--
INFO: Run Behavior\BuildLiteBehavior [ RunTime:0.000019s ]
INFO: [ app_init ] --END-- [ RunTime:0.000361s ]
INFO: [ app_begin ] --START--
INFO: Run Behavior\ReadHtmlCacheBehavior [ RunTime:0.000665s ]
INFO: [ app_begin ] --END-- [ RunTime:0.000735s ]
INFO: [ app_end ] --START--
INFO: Run Behavior\ShowPageTraceBehavior [ RunTime:0.000581s ]
INFO: [ app_end ] --END-- [ RunTime:0.000675s ]

[ 2017-04-25T15:32:14+08:00 ] ::1 /blog/index.php/Home/Index/index.html
INFO: [ app_init ] --START--
INFO: Run Behavior\BuildLiteBehavior [ RunTime:0.000043s ]
INFO: [ app_init ] --END-- [ RunTime:0.000937s ]
INFO: [ app_begin ] --START--
INFO: Run Behavior\ReadHtmlCacheBehavior [ RunTime:0.001056s ]
INFO: [ app_begin ] --END-- [ RunTime:0.001217s ]
SQL: SHOW COLUMNS FROM `blog_article` [ RunTime:0.0043s ]
SQL: SELECT * FROM `blog_article` ORDER BY add_time desc LIMIT 6   [ RunTime:0.0011s ]
SQL: SHOW COLUMNS FROM `blog_user` [ RunTime:0.0042s ]
INFO: [ view_parse ] --START--
INFO: [ template_filter ] --START--
INFO: Run Behavior\ContentReplaceBehavior [ RunTime:0.000162s ]
INFO: [ template_filter ] --END-- [ RunTime:0.000249s ]
NOTIC: [8] Use of undefined constant id - assumed 'id' D:\wamp\www\blog\Application\Runtime\Cache\Home\2a94b8bda04ff446dcedd42276fc99ee.php 第 120 行.
NOTIC: [8] Use of undefined constant id - assumed 'id' D:\wamp\www\blog\Application\Runtime\Cache\Home\2a94b8bda04ff446dcedd42276fc99ee.php 第 120 行.
NOTIC: [8] Use of undefined constant id - assumed 'id' D:\wamp\www\blog\Application\Runtime\Cache\Home\2a94b8bda04ff446dcedd42276fc99ee.php 第 120 行.
NOTIC: [8] Use of undefined constant id - assumed 'id' D:\wamp\www\blog\Application\Runtime\Cache\Home\2a94b8bda04ff446dcedd42276fc99ee.php 第 120 行.
NOTIC: [8] Use of undefined constant id - assumed 'id' D:\wamp\www\blog\Application\Runtime\Cache\Home\2a94b8bda04ff446dcedd42276fc99ee.php 第 120 行.
NOTIC: [8] Use of undefined constant id - assumed 'id' D:\wamp\www\blog\Application\Runtime\Cache\Home\2a94b8bda04ff446dcedd42276fc99ee.php 第 120 行.
NOTIC: [8] Use of undefined constant id - assumed 'id' D:\wamp\www\blog\Application\Runtime\Cache\Home\2a94b8bda04ff446dcedd42276fc99ee.php 第 188 行.
NOTIC: [8] Use of undefined constant id - assumed 'id' D:\wamp\www\blog\Application\Runtime\Cache\Home\2a94b8bda04ff446dcedd42276fc99ee.php 第 188 行.
NOTIC: [8] Use of undefined constant id - assumed 'id' D:\wamp\www\blog\Application\Runtime\Cache\Home\2a94b8bda04ff446dcedd42276fc99ee.php 第 188 行.
NOTIC: [8] Use of undefined constant id - assumed 'id' D:\wamp\www\blog\Application\Runtime\Cache\Home\2a94b8bda04ff446dcedd42276fc99ee.php 第 188 行.
NOTIC: [8] Use of undefined constant id - assumed 'id' D:\wamp\www\blog\Application\Runtime\Cache\Home\2a94b8bda04ff446dcedd42276fc99ee.php 第 188 行.
NOTIC: [8] Use of undefined constant id - assumed 'id' D:\wamp\www\blog\Application\Runtime\Cache\Home\2a94b8bda04ff446dcedd42276fc99ee.php 第 188 行.
INFO: Run Behavior\ParseTemplateBehavior [ RunTime:0.016925s ]
INFO: [ view_parse ] --END-- [ RunTime:0.017006s ]
INFO: [ view_filter ] --START--
INFO: Run Behavior\WriteHtmlCacheBehavior [ RunTime:0.000686s ]
INFO: [ view_filter ] --END-- [ RunTime:0.000760s ]
INFO: [ app_end ] --START--
INFO: Run Behavior\ShowPageTraceBehavior [ RunTime:0.000894s ]
INFO: [ app_end ] --END-- [ RunTime:0.000973s ]

[ 2017-04-25T15:32:14+08:00 ] ::1 /blog/index.php/Home/Index/js/silder_2.js
INFO: [ app_init ] --START--
INFO: Run Behavior\BuildLiteBehavior [ RunTime:0.000016s ]
INFO: [ app_init ] --END-- [ RunTime:0.000385s ]
INFO: [ app_begin ] --START--
INFO: Run Behavior\ReadHtmlCacheBehavior [ RunTime:0.000557s ]
INFO: [ app_begin ] --END-- [ RunTime:0.000625s ]
ERR: 非法操作:js

[ 2017-04-25T15:32:14+08:00 ] ::1 /blog/index.php/Home/Index/verify.html
INFO: [ app_init ] --START--
INFO: Run Behavior\BuildLiteBehavior [ RunTime:0.000016s ]
INFO: [ app_init ] --END-- [ RunTime:0.000430s ]
INFO: [ app_begin ] --START--
INFO: Run Behavior\ReadHtmlCacheBehavior [ RunTime:0.000454s ]
INFO: [ app_begin ] --END-- [ RunTime:0.000533s ]
INFO: [ app_end ] --START--
INFO: Run Behavior\ShowPageTraceBehavior [ RunTime:0.000426s ]
INFO: [ app_end ] --END-- [ RunTime:0.000504s ]

[ 2017-04-25T15:32:47+08:00 ] ::1 /blog/index.php/Home/Index/index.html
INFO: [ app_init ] --START--
INFO: Run Behavior\BuildLiteBehavior [ RunTime:0.000021s ]
INFO: [ app_init ] --END-- [ RunTime:0.000438s ]
INFO: [ app_begin ] --START--
INFO: Run Behavior\ReadHtmlCacheBehavior [ RunTime:0.000548s ]
INFO: [ app_begin ] --END-- [ RunTime:0.000636s ]
SQL: SHOW COLUMNS FROM `blog_article` [ RunTime:0.0046s ]
SQL: SELECT * FROM `blog_article` ORDER BY add_time desc LIMIT 6   [ RunTime:0.0012s ]
SQL: SHOW COLUMNS FROM `blog_user` [ RunTime:0.0037s ]
INFO: [ view_parse ] --START--
INFO: [ template_filter ] --START--
INFO: Run Behavior\ContentReplaceBehavior [ RunTime:0.000108s ]
INFO: [ template_filter ] --END-- [ RunTime:0.000170s ]
NOTIC: [8] Use of undefined constant id - assumed 'id' D:\wamp\www\blog\Application\Runtime\Cache\Home\2a94b8bda04ff446dcedd42276fc99ee.php 第 120 行.
NOTIC: [8] Use of undefined constant id - assumed 'id' D:\wamp\www\blog\Application\Runtime\Cache\Home\2a94b8bda04ff446dcedd42276fc99ee.php 第 120 行.
NOTIC: [8] Use of undefined constant id - assumed 'id' D:\wamp\www\blog\Application\Runtime\Cache\Home\2a94b8bda04ff446dcedd42276fc99ee.php 第 120 行.
NOTIC: [8] Use of undefined constant id - assumed 'id' D:\wamp\www\blog\Application\Runtime\Cache\Home\2a94b8bda04ff446dcedd42276fc99ee.php 第 120 行.
NOTIC: [8] Use of undefined constant id - assumed 'id' D:\wamp\www\blog\Application\Runtime\Cache\Home\2a94b8bda04ff446dcedd42276fc99ee.php 第 120 行.
NOTIC: [8] Use of undefined constant id - assumed 'id' D:\wamp\www\blog\Application\Runtime\Cache\Home\2a94b8bda04ff446dcedd42276fc99ee.php 第 120 行.
NOTIC: [8] Use of undefined constant id - assumed 'id' D:\wamp\www\blog\Application\Runtime\Cache\Home\2a94b8bda04ff446dcedd42276fc99ee.php 第 188 行.
NOTIC: [8] Use of undefined constant id - assumed 'id' D:\wamp\www\blog\Application\Runtime\Cache\Home\2a94b8bda04ff446dcedd42276fc99ee.php 第 188 行.
NOTIC: [8] Use of undefined constant id - assumed 'id' D:\wamp\www\blog\Application\Runtime\Cache\Home\2a94b8bda04ff446dcedd42276fc99ee.php 第 188 行.
NOTIC: [8] Use of undefined constant id - assumed 'id' D:\wamp\www\blog\Application\Runtime\Cache\Home\2a94b8bda04ff446dcedd42276fc99ee.php 第 188 行.
NOTIC: [8] Use of undefined constant id - assumed 'id' D:\wamp\www\blog\Application\Runtime\Cache\Home\2a94b8bda04ff446dcedd42276fc99ee.php 第 188 行.
NOTIC: [8] Use of undefined constant id - assumed 'id' D:\wamp\www\blog\Application\Runtime\Cache\Home\2a94b8bda04ff446dcedd42276fc99ee.php 第 188 行.
INFO: Run Behavior\ParseTemplateBehavior [ RunTime:0.011804s ]
INFO: [ view_parse ] --END-- [ RunTime:0.011869s ]
INFO: [ view_filter ] --START--
INFO: Run Behavior\WriteHtmlCacheBehavior [ RunTime:0.000277s ]
INFO: [ view_filter ] --END-- [ RunTime:0.000343s ]
INFO: [ app_end ] --START--
INFO: Run Behavior\ShowPageTraceBehavior [ RunTime:0.000442s ]
INFO: [ app_end ] --END-- [ RunTime:0.000492s ]

[ 2017-04-25T15:32:47+08:00 ] ::1 /blog/index.php/Home/Index/js/silder_2.js
INFO: [ app_init ] --START--
INFO: Run Behavior\BuildLiteBehavior [ RunTime:0.000018s ]
INFO: [ app_init ] --END-- [ RunTime:0.000340s ]
INFO: [ app_begin ] --START--
INFO: Run Behavior\ReadHtmlCacheBehavior [ RunTime:0.000506s ]
INFO: [ app_begin ] --END-- [ RunTime:0.000594s ]
ERR: 非法操作:js

[ 2017-04-25T15:32:47+08:00 ] ::1 /blog/index.php/Home/Index/verify.html
INFO: [ app_init ] --START--
INFO: Run Behavior\BuildLiteBehavior [ RunTime:0.000015s ]
INFO: [ app_init ] --END-- [ RunTime:0.000299s ]
INFO: [ app_begin ] --START--
INFO: Run Behavior\ReadHtmlCacheBehavior [ RunTime:0.000368s ]
INFO: [ app_begin ] --END-- [ RunTime:0.000424s ]
INFO: [ app_end ] --START--
INFO: Run Behavior\ShowPageTraceBehavior [ RunTime:0.000459s ]
INFO: [ app_end ] --END-- [ RunTime:0.000535s ]

[ 2017-04-25T15:32:50+08:00 ] ::1 /blog/index.php/Home/Message/message.html
INFO: [ app_init ] --START--
INFO: Run Behavior\BuildLiteBehavior [ RunTime:0.000039s ]
INFO: [ app_init ] --END-- [ RunTime:0.000940s ]
INFO: [ app_begin ] --START--
INFO: Run Behavior\ReadHtmlCacheBehavior [ RunTime:0.001004s ]
INFO: [ app_begin ] --END-- [ RunTime:0.001167s ]
SQL: SHOW COLUMNS FROM `blog_message` [ RunTime:0.0050s ]
SQL: SELECT * FROM `blog_message` ORDER BY add_time desc  [ RunTime:0.0009s ]
SQL: SELECT `username` FROM `blog_message` WHERE ( id=81 ) LIMIT 1   [ RunTime:0.0003s ]
SQL: SELECT `username` FROM `blog_message` WHERE ( id=78 ) LIMIT 1   [ RunTime:0.0002s ]
SQL: SELECT `username` FROM `blog_message` WHERE ( id=79 ) LIMIT 1   [ RunTime:0.0002s ]
SQL: SELECT `username` FROM `blog_message` WHERE ( id=17 ) LIMIT 1   [ RunTime:0.0002s ]
SQL: SELECT `username` FROM `blog_message` WHERE ( id=17 ) LIMIT 1   [ RunTime:0.0002s ]
SQL: SELECT `username` FROM `blog_message` WHERE ( id=31 ) LIMIT 1   [ RunTime:0.0002s ]
SQL: SELECT `username` FROM `blog_message` WHERE ( id=17 ) LIMIT 1   [ RunTime:0.0002s ]
SQL: SELECT `username` FROM `blog_message` WHERE ( id=17 ) LIMIT 1   [ RunTime:0.0011s ]
SQL: SELECT `username` FROM `blog_message` WHERE ( id=4 ) LIMIT 1   [ RunTime:0.0003s ]
SQL: SELECT `username` FROM `blog_message` WHERE ( id=2 ) LIMIT 1   [ RunTime:0.0003s ]
SQL: SELECT `username` FROM `blog_message` WHERE ( id=49 ) LIMIT 1   [ RunTime:0.0002s ]
SQL: SELECT `username` FROM `blog_message` WHERE ( id=2 ) LIMIT 1   [ RunTime:0.0003s ]
SQL: SELECT `username` FROM `blog_message` WHERE ( id=50 ) LIMIT 1   [ RunTime:0.0002s ]
SQL: SELECT `username` FROM `blog_message` WHERE ( id=54 ) LIMIT 1   [ RunTime:0.0002s ]
SQL: SELECT `username` FROM `blog_message` WHERE ( id=50 ) LIMIT 1   [ RunTime:0.0002s ]
SQL: SELECT `username` FROM `blog_message` WHERE ( id=50 ) LIMIT 1   [ RunTime:0.0002s ]
SQL: SELECT `username` FROM `blog_message` WHERE ( id=1 ) LIMIT 1   [ RunTime:0.0002s ]
SQL: SELECT `username` FROM `blog_message` WHERE ( id=35 ) LIMIT 1   [ RunTime:0.0003s ]
SQL: SELECT `username` FROM `blog_message` WHERE ( id=1 ) LIMIT 1   [ RunTime:0.0002s ]
SQL: SELECT `username` FROM `blog_message` WHERE ( id=36 ) LIMIT 1   [ RunTime:0.0002s ]
SQL: SELECT `username` FROM `blog_message` WHERE ( id=62 ) LIMIT 1   [ RunTime:0.0003s ]
SQL: SELECT `username` FROM `blog_message` WHERE ( id=1 ) LIMIT 1   [ RunTime:0.0002s ]
SQL: SELECT `username` FROM `blog_message` WHERE ( id=1 ) LIMIT 1   [ RunTime:0.0003s ]
SQL: SELECT `username` FROM `blog_message` WHERE ( id=33 ) LIMIT 1   [ RunTime:0.0003s ]
SQL: SELECT `username` FROM `blog_message` WHERE ( id=33 ) LIMIT 1   [ RunTime:0.0002s ]
SQL: SELECT `username` FROM `blog_message` WHERE ( id=1 ) LIMIT 1   [ RunTime:0.0002s ]
SQL: SELECT `username` FROM `blog_message` WHERE ( id=34 ) LIMIT 1   [ RunTime:0.0002s ]
SQL: SELECT `username` FROM `blog_message` WHERE ( id=34 ) LIMIT 1   [ RunTime:0.0002s ]
INFO: [ view_parse ] --START--
INFO: [ template_filter ] --START--
INFO: Run Behavior\ContentReplaceBehavior [ RunTime:0.000155s ]
INFO: [ template_filter ] --END-- [ RunTime:0.000250s ]
INFO: Run Behavior\ParseTemplateBehavior [ RunTime:0.014592s ]
INFO: [ view_parse ] --END-- [ RunTime:0.014689s ]
INFO: [ view_filter ] --START--
INFO: Run Behavior\WriteHtmlCacheBehavior [ RunTime:0.000320s ]
INFO: [ view_filter ] --END-- [ RunTime:0.000402s ]
INFO: [ app_end ] --START--
INFO: Run Behavior\ShowPageTraceBehavior [ RunTime:0.000562s ]
INFO: [ app_end ] --END-- [ RunTime:0.000643s ]

[ 2017-04-25T15:33:15+08:00 ] ::1 /blog/index.php/Home/Message/message.html
INFO: [ app_init ] --START--
INFO: Run Behavior\BuildLiteBehavior [ RunTime:0.000022s ]
INFO: [ app_init ] --END-- [ RunTime:0.000490s ]
INFO: [ app_begin ] --START--
INFO: Run Behavior\ReadHtmlCacheBehavior [ RunTime:0.000620s ]
INFO: [ app_begin ] --END-- [ RunTime:0.000714s ]
SQL: SHOW COLUMNS FROM `blog_message` [ RunTime:0.0032s ]
SQL: SELECT * FROM `blog_message` ORDER BY add_time desc  [ RunTime:0.0006s ]
SQL: SELECT `username` FROM `blog_message` WHERE ( id=81 ) LIMIT 1   [ RunTime:0.0003s ]
SQL: SELECT `username` FROM `blog_message` WHERE ( id=78 ) LIMIT 1   [ RunTime:0.0001s ]
SQL: SELECT `username` FROM `blog_message` WHERE ( id=79 ) LIMIT 1   [ RunTime:0.0001s ]
SQL: SELECT `username` FROM `blog_message` WHERE ( id=17 ) LIMIT 1   [ RunTime:0.0002s ]
SQL: SELECT `username` FROM `blog_message` WHERE ( id=17 ) LIMIT 1   [ RunTime:0.0001s ]
SQL: SELECT `username` FROM `blog_message` WHERE ( id=31 ) LIMIT 1   [ RunTime:0.0001s ]
SQL: SELECT `username` FROM `blog_message` WHERE ( id=17 ) LIMIT 1   [ RunTime:0.0001s ]
SQL: SELECT `username` FROM `blog_message` WHERE ( id=17 ) LIMIT 1   [ RunTime:0.0001s ]
SQL: SELECT `username` FROM `blog_message` WHERE ( id=4 ) LIMIT 1   [ RunTime:0.0001s ]
SQL: SELECT `username` FROM `blog_message` WHERE ( id=2 ) LIMIT 1   [ RunTime:0.0001s ]
SQL: SELECT `username` FROM `blog_message` WHERE ( id=49 ) LIMIT 1   [ RunTime:0.0001s ]
SQL: SELECT `username` FROM `blog_message` WHERE ( id=2 ) LIMIT 1   [ RunTime:0.0001s ]
SQL: SELECT `username` FROM `blog_message` WHERE ( id=50 ) LIMIT 1   [ RunTime:0.0001s ]
SQL: SELECT `username` FROM `blog_message` WHERE ( id=54 ) LIMIT 1   [ RunTime:0.0001s ]
SQL: SELECT `username` FROM `blog_message` WHERE ( id=50 ) LIMIT 1   [ RunTime:0.0001s ]
SQL: SELECT `username` FROM `blog_message` WHERE ( id=50 ) LIMIT 1   [ RunTime:0.0001s ]
SQL: SELECT `username` FROM `blog_message` WHERE ( id=1 ) LIMIT 1   [ RunTime:0.0001s ]
SQL: SELECT `username` FROM `blog_message` WHERE ( id=35 ) LIMIT 1   [ RunTime:0.0001s ]
SQL: SELECT `username` FROM `blog_message` WHERE ( id=1 ) LIMIT 1   [ RunTime:0.0001s ]
SQL: SELECT `username` FROM `blog_message` WHERE ( id=36 ) LIMIT 1   [ RunTime:0.0001s ]
SQL: SELECT `username` FROM `blog_message` WHERE ( id=62 ) LIMIT 1   [ RunTime:0.0002s ]
SQL: SELECT `username` FROM `blog_message` WHERE ( id=1 ) LIMIT 1   [ RunTime:0.0001s ]
SQL: SELECT `username` FROM `blog_message` WHERE ( id=1 ) LIMIT 1   [ RunTime:0.0001s ]
SQL: SELECT `username` FROM `blog_message` WHERE ( id=33 ) LIMIT 1   [ RunTime:0.0001s ]
SQL: SELECT `username` FROM `blog_message` WHERE ( id=33 ) LIMIT 1   [ RunTime:0.0002s ]
SQL: SELECT `username` FROM `blog_message` WHERE ( id=1 ) LIMIT 1   [ RunTime:0.0001s ]
SQL: SELECT `username` FROM `blog_message` WHERE ( id=34 ) LIMIT 1   [ RunTime:0.0001s ]
SQL: SELECT `username` FROM `blog_message` WHERE ( id=34 ) LIMIT 1   [ RunTime:0.0001s ]
INFO: [ view_parse ] --START--
INFO: [ template_filter ] --START--
INFO: Run Behavior\ContentReplaceBehavior [ RunTime:0.000104s ]
INFO: [ template_filter ] --END-- [ RunTime:0.000166s ]
INFO: Run Behavior\ParseTemplateBehavior [ RunTime:0.009752s ]
INFO: [ view_parse ] --END-- [ RunTime:0.009820s ]
INFO: [ view_filter ] --START--
INFO: Run Behavior\WriteHtmlCacheBehavior [ RunTime:0.000305s ]
INFO: [ view_filter ] --END-- [ RunTime:0.000355s ]
INFO: [ app_end ] --START--
INFO: Run Behavior\ShowPageTraceBehavior [ RunTime:0.000406s ]
INFO: [ app_end ] --END-- [ RunTime:0.000458s ]

[ 2017-04-25T15:33:18+08:00 ] ::1 /blog/index.php/Home/Message/message.html
INFO: [ app_init ] --START--
INFO: Run Behavior\BuildLiteBehavior [ RunTime:0.000038s ]
INFO: [ app_init ] --END-- [ RunTime:0.000797s ]
INFO: [ app_begin ] --START--
INFO: Run Behavior\ReadHtmlCacheBehavior [ RunTime:0.000991s ]
INFO: [ app_begin ] --END-- [ RunTime:0.001147s ]
SQL: SHOW COLUMNS FROM `blog_message` [ RunTime:0.0291s ]
SQL: SELECT * FROM `blog_message` ORDER BY add_time desc  [ RunTime:0.0013s ]
SQL: SELECT `username` FROM `blog_message` WHERE ( id=81 ) LIMIT 1   [ RunTime:0.0004s ]
SQL: SELECT `username` FROM `blog_message` WHERE ( id=78 ) LIMIT 1   [ RunTime:0.0004s ]
SQL: SELECT `username` FROM `blog_message` WHERE ( id=79 ) LIMIT 1   [ RunTime:0.0003s ]
SQL: SELECT `username` FROM `blog_message` WHERE ( id=17 ) LIMIT 1   [ RunTime:0.0003s ]
SQL: SELECT `username` FROM `blog_message` WHERE ( id=17 ) LIMIT 1   [ RunTime:0.0003s ]
SQL: SELECT `username` FROM `blog_message` WHERE ( id=31 ) LIMIT 1   [ RunTime:0.0003s ]
SQL: SELECT `username` FROM `blog_message` WHERE ( id=17 ) LIMIT 1   [ RunTime:0.0003s ]
SQL: SELECT `username` FROM `blog_message` WHERE ( id=17 ) LIMIT 1   [ RunTime:0.0003s ]
SQL: SELECT `username` FROM `blog_message` WHERE ( id=4 ) LIMIT 1   [ RunTime:0.0003s ]
SQL: SELECT `username` FROM `blog_message` WHERE ( id=2 ) LIMIT 1   [ RunTime:0.0003s ]
SQL: SELECT `username` FROM `blog_message` WHERE ( id=49 ) LIMIT 1   [ RunTime:0.0003s ]
SQL: SELECT `username` FROM `blog_message` WHERE ( id=2 ) LIMIT 1   [ RunTime:0.0003s ]
SQL: SELECT `username` FROM `blog_message` WHERE ( id=50 ) LIMIT 1   [ RunTime:0.0003s ]
SQL: SELECT `username` FROM `blog_message` WHERE ( id=54 ) LIMIT 1   [ RunTime:0.0003s ]
SQL: SELECT `username` FROM `blog_message` WHERE ( id=50 ) LIMIT 1   [ RunTime:0.0003s ]
SQL: SELECT `username` FROM `blog_message` WHERE ( id=50 ) LIMIT 1   [ RunTime:0.0003s ]
SQL: SELECT `username` FROM `blog_message` WHERE ( id=1 ) LIMIT 1   [ RunTime:0.0003s ]
SQL: SELECT `username` FROM `blog_message` WHERE ( id=35 ) LIMIT 1   [ RunTime:0.0004s ]
SQL: SELECT `username` FROM `blog_message` WHERE ( id=1 ) LIMIT 1   [ RunTime:0.0003s ]
SQL: SELECT `username` FROM `blog_message` WHERE ( id=36 ) LIMIT 1   [ RunTime:0.0003s ]
SQL: SELECT `username` FROM `blog_message` WHERE ( id=62 ) LIMIT 1   [ RunTime:0.0004s ]
SQL: SELECT `username` FROM `blog_message` WHERE ( id=1 ) LIMIT 1   [ RunTime:0.0003s ]
SQL: SELECT `username` FROM `blog_message` WHERE ( id=1 ) LIMIT 1   [ RunTime:0.0003s ]
SQL: SELECT `username` FROM `blog_message` WHERE ( id=33 ) LIMIT 1   [ RunTime:0.0003s ]
SQL: SELECT `username` FROM `blog_message` WHERE ( id=33 ) LIMIT 1   [ RunTime:0.0003s ]
SQL: SELECT `username` FROM `blog_message` WHERE ( id=1 ) LIMIT 1   [ RunTime:0.0003s ]
SQL: SELECT `username` FROM `blog_message` WHERE ( id=34 ) LIMIT 1   [ RunTime:0.0003s ]
SQL: SELECT `username` FROM `blog_message` WHERE ( id=34 ) LIMIT 1   [ RunTime:0.0004s ]
INFO: [ view_parse ] --START--
INFO: [ template_filter ] --START--
INFO: Run Behavior\ContentReplaceBehavior [ RunTime:0.000126s ]
INFO: [ template_filter ] --END-- [ RunTime:0.000195s ]
INFO: Run Behavior\ParseTemplateBehavior [ RunTime:0.016344s ]
INFO: [ view_parse ] --END-- [ RunTime:0.016453s ]
INFO: [ view_filter ] --START--
INFO: Run Behavior\WriteHtmlCacheBehavior [ RunTime:0.000251s ]
INFO: [ view_filter ] --END-- [ RunTime:0.000312s ]
INFO: [ app_end ] --START--
INFO: Run Behavior\ShowPageTraceBehavior [ RunTime:0.000450s ]
INFO: [ app_end ] --END-- [ RunTime:0.000515s ]

[ 2017-04-25T15:34:06+08:00 ] ::1 /blog/index.php/Home/Index/index.html
INFO: [ app_init ] --START--
INFO: Run Behavior\BuildLiteBehavior [ RunTime:0.000022s ]
INFO: [ app_init ] --END-- [ RunTime:0.001520s ]
INFO: [ app_begin ] --START--
INFO: Run Behavior\ReadHtmlCacheBehavior [ RunTime:0.000617s ]
INFO: [ app_begin ] --END-- [ RunTime:0.000707s ]
SQL: SHOW COLUMNS FROM `blog_article` [ RunTime:0.0031s ]
SQL: SELECT * FROM `blog_article` ORDER BY add_time desc LIMIT 6   [ RunTime:0.0009s ]
SQL: SHOW COLUMNS FROM `blog_user` [ RunTime:0.0035s ]
INFO: [ view_parse ] --START--
INFO: [ template_filter ] --START--
INFO: Run Behavior\ContentReplaceBehavior [ RunTime:0.000110s ]
INFO: [ template_filter ] --END-- [ RunTime:0.000177s ]
NOTIC: [8] Use of undefined constant id - assumed 'id' D:\wamp\www\blog\Application\Runtime\Cache\Home\2a94b8bda04ff446dcedd42276fc99ee.php 第 120 行.
NOTIC: [8] Use of undefined constant id - assumed 'id' D:\wamp\www\blog\Application\Runtime\Cache\Home\2a94b8bda04ff446dcedd42276fc99ee.php 第 120 行.
NOTIC: [8] Use of undefined constant id - assumed 'id' D:\wamp\www\blog\Application\Runtime\Cache\Home\2a94b8bda04ff446dcedd42276fc99ee.php 第 120 行.
NOTIC: [8] Use of undefined constant id - assumed 'id' D:\wamp\www\blog\Application\Runtime\Cache\Home\2a94b8bda04ff446dcedd42276fc99ee.php 第 120 行.
NOTIC: [8] Use of undefined constant id - assumed 'id' D:\wamp\www\blog\Application\Runtime\Cache\Home\2a94b8bda04ff446dcedd42276fc99ee.php 第 120 行.
NOTIC: [8] Use of undefined constant id - assumed 'id' D:\wamp\www\blog\Application\Runtime\Cache\Home\2a94b8bda04ff446dcedd42276fc99ee.php 第 120 行.
NOTIC: [8] Use of undefined constant id - assumed 'id' D:\wamp\www\blog\Application\Runtime\Cache\Home\2a94b8bda04ff446dcedd42276fc99ee.php 第 188 行.
NOTIC: [8] Use of undefined constant id - assumed 'id' D:\wamp\www\blog\Application\Runtime\Cache\Home\2a94b8bda04ff446dcedd42276fc99ee.php 第 188 行.
NOTIC: [8] Use of undefined constant id - assumed 'id' D:\wamp\www\blog\Application\Runtime\Cache\Home\2a94b8bda04ff446dcedd42276fc99ee.php 第 188 行.
NOTIC: [8] Use of undefined constant id - assumed 'id' D:\wamp\www\blog\Application\Runtime\Cache\Home\2a94b8bda04ff446dcedd42276fc99ee.php 第 188 行.
NOTIC: [8] Use of undefined constant id - assumed 'id' D:\wamp\www\blog\Application\Runtime\Cache\Home\2a94b8bda04ff446dcedd42276fc99ee.php 第 188 行.
NOTIC: [8] Use of undefined constant id - assumed 'id' D:\wamp\www\blog\Application\Runtime\Cache\Home\2a94b8bda04ff446dcedd42276fc99ee.php 第 188 行.
INFO: Run Behavior\ParseTemplateBehavior [ RunTime:0.012047s ]
INFO: [ view_parse ] --END-- [ RunTime:0.012104s ]
INFO: [ view_filter ] --START--
INFO: Run Behavior\WriteHtmlCacheBehavior [ RunTime:0.000212s ]
INFO: [ view_filter ] --END-- [ RunTime:0.000263s ]
INFO: [ app_end ] --START--
INFO: Run Behavior\ShowPageTraceBehavior [ RunTime:0.000396s ]
INFO: [ app_end ] --END-- [ RunTime:0.000448s ]

[ 2017-04-25T15:34:06+08:00 ] ::1 /blog/index.php/Home/Index/verify.html
INFO: [ app_init ] --START--
INFO: Run Behavior\BuildLiteBehavior [ RunTime:0.000019s ]
INFO: [ app_init ] --END-- [ RunTime:0.000359s ]
INFO: [ app_begin ] --START--
INFO: Run Behavior\ReadHtmlCacheBehavior [ RunTime:0.000463s ]
INFO: [ app_begin ] --END-- [ RunTime:0.000530s ]
INFO: [ app_end ] --START--
INFO: Run Behavior\ShowPageTraceBehavior [ RunTime:0.000759s ]
INFO: [ app_end ] --END-- [ RunTime:0.000873s ]

[ 2017-04-25T15:34:06+08:00 ] ::1 /blog/index.php/Home/Index/js/silder_2.js
INFO: [ app_init ] --START--
INFO: Run Behavior\BuildLiteBehavior [ RunTime:0.000015s ]
INFO: [ app_init ] --END-- [ RunTime:0.000353s ]
INFO: [ app_begin ] --START--
INFO: Run Behavior\ReadHtmlCacheBehavior [ RunTime:0.000559s ]
INFO: [ app_begin ] --END-- [ RunTime:0.000648s ]
ERR: 非法操作:js

[ 2017-04-25T15:34:11+08:00 ] ::1 /blog/index.php/Home/Timeline/timeline.html
INFO: [ app_init ] --START--
INFO: Run Behavior\BuildLiteBehavior [ RunTime:0.000024s ]
INFO: [ app_init ] --END-- [ RunTime:0.000466s ]
INFO: [ app_begin ] --START--
INFO: Run Behavior\ReadHtmlCacheBehavior [ RunTime:0.000572s ]
INFO: [ app_begin ] --END-- [ RunTime:0.000664s ]
SQL: SHOW COLUMNS FROM `blog_say` [ RunTime:0.0204s ]
SQL: SELECT COUNT(*) AS tp_count FROM `blog_say` WHERE ( is_show = 'yes' ) LIMIT 1   [ RunTime:0.0006s ]
SQL: SELECT * FROM `blog_say` WHERE ( is_show = 'yes' ) ORDER BY add_time desc LIMIT 0,10   [ RunTime:0.0005s ]
INFO: [ view_parse ] --START--
INFO: [ template_filter ] --START--
INFO: Run Behavior\ContentReplaceBehavior [ RunTime:0.000102s ]
INFO: [ template_filter ] --END-- [ RunTime:0.000199s ]
INFO: Run Behavior\ParseTemplateBehavior [ RunTime:0.016031s ]
INFO: [ view_parse ] --END-- [ RunTime:0.016134s ]
INFO: [ view_filter ] --START--
INFO: Run Behavior\WriteHtmlCacheBehavior [ RunTime:0.000333s ]
INFO: [ view_filter ] --END-- [ RunTime:0.000424s ]
INFO: [ app_end ] --START--
INFO: Run Behavior\ShowPageTraceBehavior [ RunTime:0.000575s ]
INFO: [ app_end ] --END-- [ RunTime:0.000657s ]

[ 2017-04-25T15:34:11+08:00 ] ::1 /blog/index.php/Home/Timeline/js/silder_2.js
INFO: [ app_init ] --START--
INFO: Run Behavior\BuildLiteBehavior [ RunTime:0.000032s ]
INFO: [ app_init ] --END-- [ RunTime:0.000588s ]
INFO: [ app_begin ] --START--
INFO: Run Behavior\ReadHtmlCacheBehavior [ RunTime:0.000840s ]
INFO: [ app_begin ] --END-- [ RunTime:0.000935s ]
ERR: 非法操作:js

[ 2017-04-25T16:23:55+08:00 ] ::1 /blog/index.php/Home/Index/index.html
INFO: [ app_init ] --START--
INFO: Run Behavior\BuildLiteBehavior [ RunTime:0.000017s ]
INFO: [ app_init ] --END-- [ RunTime:0.000524s ]
INFO: [ app_begin ] --START--
INFO: Run Behavior\ReadHtmlCacheBehavior [ RunTime:0.000710s ]
INFO: [ app_begin ] --END-- [ RunTime:0.000812s ]
SQL: SHOW COLUMNS FROM `blog_article` [ RunTime:0.0034s ]
SQL: SELECT * FROM `blog_article` ORDER BY add_time desc LIMIT 6   [ RunTime:0.0007s ]
SQL: SHOW COLUMNS FROM `blog_user` [ RunTime:0.0031s ]
INFO: [ view_parse ] --START--
INFO: [ template_filter ] --START--
INFO: Run Behavior\ContentReplaceBehavior [ RunTime:0.000113s ]
INFO: [ template_filter ] --END-- [ RunTime:0.000185s ]
NOTIC: [8] Use of undefined constant id - assumed 'id' D:\wamp\www\blog\Application\Runtime\Cache\Home\2a94b8bda04ff446dcedd42276fc99ee.php 第 120 行.
NOTIC: [8] Use of undefined constant id - assumed 'id' D:\wamp\www\blog\Application\Runtime\Cache\Home\2a94b8bda04ff446dcedd42276fc99ee.php 第 120 行.
NOTIC: [8] Use of undefined constant id - assumed 'id' D:\wamp\www\blog\Application\Runtime\Cache\Home\2a94b8bda04ff446dcedd42276fc99ee.php 第 120 行.
NOTIC: [8] Use of undefined constant id - assumed 'id' D:\wamp\www\blog\Application\Runtime\Cache\Home\2a94b8bda04ff446dcedd42276fc99ee.php 第 120 行.
NOTIC: [8] Use of undefined constant id - assumed 'id' D:\wamp\www\blog\Application\Runtime\Cache\Home\2a94b8bda04ff446dcedd42276fc99ee.php 第 120 行.
NOTIC: [8] Use of undefined constant id - assumed 'id' D:\wamp\www\blog\Application\Runtime\Cache\Home\2a94b8bda04ff446dcedd42276fc99ee.php 第 120 行.
NOTIC: [8] Use of undefined constant id - assumed 'id' D:\wamp\www\blog\Application\Runtime\Cache\Home\2a94b8bda04ff446dcedd42276fc99ee.php 第 188 行.
NOTIC: [8] Use of undefined constant id - assumed 'id' D:\wamp\www\blog\Application\Runtime\Cache\Home\2a94b8bda04ff446dcedd42276fc99ee.php 第 188 行.
NOTIC: [8] Use of undefined constant id - assumed 'id' D:\wamp\www\blog\Application\Runtime\Cache\Home\2a94b8bda04ff446dcedd42276fc99ee.php 第 188 行.
NOTIC: [8] Use of undefined constant id - assumed 'id' D:\wamp\www\blog\Application\Runtime\Cache\Home\2a94b8bda04ff446dcedd42276fc99ee.php 第 188 行.
NOTIC: [8] Use of undefined constant id - assumed 'id' D:\wamp\www\blog\Application\Runtime\Cache\Home\2a94b8bda04ff446dcedd42276fc99ee.php 第 188 行.
NOTIC: [8] Use of undefined constant id - assumed 'id' D:\wamp\www\blog\Application\Runtime\Cache\Home\2a94b8bda04ff446dcedd42276fc99ee.php 第 188 行.
INFO: Run Behavior\ParseTemplateBehavior [ RunTime:0.027968s ]
INFO: [ view_parse ] --END-- [ RunTime:0.028031s ]
INFO: [ view_filter ] --START--
INFO: Run Behavior\WriteHtmlCacheBehavior [ RunTime:0.000594s ]
INFO: [ view_filter ] --END-- [ RunTime:0.000653s ]
INFO: [ app_end ] --START--
INFO: Run Behavior\ShowPageTraceBehavior [ RunTime:0.000715s ]
INFO: [ app_end ] --END-- [ RunTime:0.000771s ]

[ 2017-04-25T16:23:55+08:00 ] ::1 /blog/index.php/Home/Index/js/silder_2.js
INFO: [ app_init ] --START--
INFO: Run Behavior\BuildLiteBehavior [ RunTime:0.000020s ]
INFO: [ app_init ] --END-- [ RunTime:0.000474s ]
INFO: [ app_begin ] --START--
INFO: Run Behavior\ReadHtmlCacheBehavior [ RunTime:0.000751s ]
INFO: [ app_begin ] --END-- [ RunTime:0.000865s ]
ERR: 非法操作:js

[ 2017-04-25T16:23:55+08:00 ] ::1 /blog/index.php/Home/Index/verify.html
INFO: [ app_init ] --START--
INFO: Run Behavior\BuildLiteBehavior [ RunTime:0.000019s ]
INFO: [ app_init ] --END-- [ RunTime:0.000515s ]
INFO: [ app_begin ] --START--
INFO: Run Behavior\ReadHtmlCacheBehavior [ RunTime:0.000463s ]
INFO: [ app_begin ] --END-- [ RunTime:0.000534s ]
INFO: [ app_end ] --START--
INFO: Run Behavior\ShowPageTraceBehavior [ RunTime:0.000632s ]
INFO: [ app_end ] --END-- [ RunTime:0.000722s ]

[ 2017-04-25T16:23:57+08:00 ] ::1 /blog/index.php/Home/Message/message.html
INFO: [ app_init ] --START--
INFO: Run Behavior\BuildLiteBehavior [ RunTime:0.000023s ]
INFO: [ app_init ] --END-- [ RunTime:0.000548s ]
INFO: [ app_begin ] --START--
INFO: Run Behavior\ReadHtmlCacheBehavior [ RunTime:0.000848s ]
INFO: [ app_begin ] --END-- [ RunTime:0.000941s ]
SQL: SHOW COLUMNS FROM `blog_message` [ RunTime:0.0047s ]
SQL: SELECT * FROM `blog_message` ORDER BY add_time desc  [ RunTime:0.0009s ]
SQL: SELECT `username` FROM `blog_message` WHERE ( id=81 ) LIMIT 1   [ RunTime:0.0003s ]
SQL: SELECT `username` FROM `blog_message` WHERE ( id=78 ) LIMIT 1   [ RunTime:0.0003s ]
SQL: SELECT `username` FROM `blog_message` WHERE ( id=79 ) LIMIT 1   [ RunTime:0.0002s ]
SQL: SELECT `username` FROM `blog_message` WHERE ( id=17 ) LIMIT 1   [ RunTime:0.0003s ]
SQL: SELECT `username` FROM `blog_message` WHERE ( id=17 ) LIMIT 1   [ RunTime:0.0003s ]
SQL: SELECT `username` FROM `blog_message` WHERE ( id=31 ) LIMIT 1   [ RunTime:0.0003s ]
SQL: SELECT `username` FROM `blog_message` WHERE ( id=17 ) LIMIT 1   [ RunTime:0.0003s ]
SQL: SELECT `username` FROM `blog_message` WHERE ( id=17 ) LIMIT 1   [ RunTime:0.0003s ]
SQL: SELECT `username` FROM `blog_message` WHERE ( id=4 ) LIMIT 1   [ RunTime:0.0002s ]
SQL: SELECT `username` FROM `blog_message` WHERE ( id=2 ) LIMIT 1   [ RunTime:0.0003s ]
SQL: SELECT `username` FROM `blog_message` WHERE ( id=49 ) LIMIT 1   [ RunTime:0.0002s ]
SQL: SELECT `username` FROM `blog_message` WHERE ( id=2 ) LIMIT 1   [ RunTime:0.0003s ]
SQL: SELECT `username` FROM `blog_message` WHERE ( id=50 ) LIMIT 1   [ RunTime:0.0003s ]
SQL: SELECT `username` FROM `blog_message` WHERE ( id=54 ) LIMIT 1   [ RunTime:0.0003s ]
SQL: SELECT `username` FROM `blog_message` WHERE ( id=50 ) LIMIT 1   [ RunTime:0.0002s ]
SQL: SELECT `username` FROM `blog_message` WHERE ( id=50 ) LIMIT 1   [ RunTime:0.0003s ]
SQL: SELECT `username` FROM `blog_message` WHERE ( id=1 ) LIMIT 1   [ RunTime:0.0003s ]
SQL: SELECT `username` FROM `blog_message` WHERE ( id=35 ) LIMIT 1   [ RunTime:0.0002s ]
SQL: SELECT `username` FROM `blog_message` WHERE ( id=1 ) LIMIT 1   [ RunTime:0.0003s ]
SQL: SELECT `username` FROM `blog_message` WHERE ( id=36 ) LIMIT 1   [ RunTime:0.0002s ]
SQL: SELECT `username` FROM `blog_message` WHERE ( id=62 ) LIMIT 1   [ RunTime:0.0003s ]
SQL: SELECT `username` FROM `blog_message` WHERE ( id=1 ) LIMIT 1   [ RunTime:0.0002s ]
SQL: SELECT `username` FROM `blog_message` WHERE ( id=1 ) LIMIT 1   [ RunTime:0.0002s ]
SQL: SELECT `username` FROM `blog_message` WHERE ( id=33 ) LIMIT 1   [ RunTime:0.0002s ]
SQL: SELECT `username` FROM `blog_message` WHERE ( id=33 ) LIMIT 1   [ RunTime:0.0002s ]
SQL: SELECT `username` FROM `blog_message` WHERE ( id=1 ) LIMIT 1   [ RunTime:0.0002s ]
SQL: SELECT `username` FROM `blog_message` WHERE ( id=34 ) LIMIT 1   [ RunTime:0.0002s ]
SQL: SELECT `username` FROM `blog_message` WHERE ( id=34 ) LIMIT 1   [ RunTime:0.0002s ]
INFO: [ view_parse ] --START--
INFO: [ template_filter ] --START--
INFO: Run Behavior\ContentReplaceBehavior [ RunTime:0.000163s ]
INFO: [ template_filter ] --END-- [ RunTime:0.000267s ]
INFO: Run Behavior\ParseTemplateBehavior [ RunTime:0.015741s ]
INFO: [ view_parse ] --END-- [ RunTime:0.015838s ]
INFO: [ view_filter ] --START--
INFO: Run Behavior\WriteHtmlCacheBehavior [ RunTime:0.000553s ]
INFO: [ view_filter ] --END-- [ RunTime:0.000634s ]
INFO: [ app_end ] --START--
INFO: Run Behavior\ShowPageTraceBehavior [ RunTime:0.000785s ]
INFO: [ app_end ] --END-- [ RunTime:0.000867s ]

[ 2017-04-25T16:24:00+08:00 ] ::1 /blog/index.php/Home/Timeline/timeline.html
INFO: [ app_init ] --START--
INFO: Run Behavior\BuildLiteBehavior [ RunTime:0.000020s ]
INFO: [ app_init ] --END-- [ RunTime:0.000495s ]
INFO: [ app_begin ] --START--
INFO: Run Behavior\ReadHtmlCacheBehavior [ RunTime:0.000719s ]
INFO: [ app_begin ] --END-- [ RunTime:0.000802s ]
SQL: SHOW COLUMNS FROM `blog_say` [ RunTime:0.0033s ]
SQL: SELECT COUNT(*) AS tp_count FROM `blog_say` WHERE ( is_show = 'yes' ) LIMIT 1   [ RunTime:0.0002s ]
SQL: SELECT * FROM `blog_say` WHERE ( is_show = 'yes' ) ORDER BY add_time desc LIMIT 0,10   [ RunTime:0.0003s ]
INFO: [ view_parse ] --START--
INFO: [ template_filter ] --START--
INFO: Run Behavior\ContentReplaceBehavior [ RunTime:0.000127s ]
INFO: [ template_filter ] --END-- [ RunTime:0.000198s ]
INFO: Run Behavior\ParseTemplateBehavior [ RunTime:0.011185s ]
INFO: [ view_parse ] --END-- [ RunTime:0.011250s ]
INFO: [ view_filter ] --START--
INFO: Run Behavior\WriteHtmlCacheBehavior [ RunTime:0.000614s ]
INFO: [ view_filter ] --END-- [ RunTime:0.000697s ]
INFO: [ app_end ] --START--
INFO: Run Behavior\ShowPageTraceBehavior [ RunTime:0.000677s ]
INFO: [ app_end ] --END-- [ RunTime:0.000731s ]

[ 2017-04-25T16:24:01+08:00 ] ::1 /blog/index.php/Home/Timeline/js/silder_2.js
INFO: [ app_init ] --START--
INFO: Run Behavior\BuildLiteBehavior [ RunTime:0.000016s ]
INFO: [ app_init ] --END-- [ RunTime:0.000358s ]
INFO: [ app_begin ] --START--
INFO: Run Behavior\ReadHtmlCacheBehavior [ RunTime:0.000437s ]
INFO: [ app_begin ] --END-- [ RunTime:0.000498s ]
ERR: 非法操作:js

